<?xml version="1.0" encoding="UTF-8"?>
<testng-results ignored="0" total="6" passed="6" failed="0" skipped="0">
  <reporter-output>
  </reporter-output>
  <suite started-at="2025-08-10T12:42:35 IST" name="Default suite" finished-at="2025-08-10T12:42:36 IST" duration-ms="1202">
    <groups>
    </groups>
    <test started-at="2025-08-10T12:42:35 IST" name="Default test" finished-at="2025-08-10T12:42:36 IST" duration-ms="1202">
      <class name="practice.amazon.producttest.SampleTest">
        <test-method signature="sampleTest(java.lang.String,java.lang.String,java.lang.String,java.lang.String)[pri:0, instance:practice.amazon.producttest.SampleTest@1d296da]" started-at="2025-08-10T12:42:36 IST" name="sampleTest" data-provider="setDataIntoDataProvider" finished-at="2025-08-10T12:42:36 IST" duration-ms="19" status="PASS">
          <params>
            <param index="0">
              <value>
                <![CDATA[TC_01]]>
              </value>
            </param>
            <param index="1">
              <value>
                <![CDATA[organization_name]]>
              </value>
            </param>
            <param index="2">
              <value>
                <![CDATA[]]>
              </value>
            </param>
            <param index="3">
              <value>
                <![CDATA[]]>
              </value>
            </param>
          </params>
          <reporter-output>
          </reporter-output>
        </test-method> <!-- sampleTest -->
        <test-method signature="sampleTest(java.lang.String,java.lang.String,java.lang.String,java.lang.String)[pri:0, instance:practice.amazon.producttest.SampleTest@1d296da]" started-at="2025-08-10T12:42:36 IST" name="sampleTest" data-provider="setDataIntoDataProvider" finished-at="2025-08-10T12:42:36 IST" duration-ms="6" status="PASS">
          <params>
            <param index="0">
              <value>
                <![CDATA[]]>
              </value>
            </param>
            <param index="1">
              <value>
                <![CDATA[Test01_]]>
              </value>
            </param>
            <param index="2">
              <value>
                <![CDATA[]]>
              </value>
            </param>
            <param index="3">
              <value>
                <![CDATA[]]>
              </value>
            </param>
          </params>
          <reporter-output>
          </reporter-output>
        </test-method> <!-- sampleTest -->
        <test-method signature="sampleTest(java.lang.String,java.lang.String,java.lang.String,java.lang.String)[pri:0, instance:practice.amazon.producttest.SampleTest@1d296da]" started-at="2025-08-10T12:42:36 IST" name="sampleTest" data-provider="setDataIntoDataProvider" finished-at="2025-08-10T12:42:36 IST" duration-ms="4" status="PASS">
          <params>
            <param index="0">
              <value>
                <![CDATA[TC_02]]>
              </value>
            </param>
            <param index="1">
              <value>
                <![CDATA[organization_name]]>
              </value>
            </param>
            <param index="2">
              <value>
                <![CDATA[industry]]>
              </value>
            </param>
            <param index="3">
              <value>
                <![CDATA[type]]>
              </value>
            </param>
          </params>
          <reporter-output>
          </reporter-output>
        </test-method> <!-- sampleTest -->
        <test-method signature="sampleTest(java.lang.String,java.lang.String,java.lang.String,java.lang.String)[pri:0, instance:practice.amazon.producttest.SampleTest@1d296da]" started-at="2025-08-10T12:42:36 IST" name="sampleTest" data-provider="setDataIntoDataProvider" finished-at="2025-08-10T12:42:36 IST" duration-ms="4" status="PASS">
          <params>
            <param index="0">
              <value>
                <![CDATA[]]>
              </value>
            </param>
            <param index="1">
              <value>
                <![CDATA[Test02_]]>
              </value>
            </param>
            <param index="2">
              <value>
                <![CDATA[Education]]>
              </value>
            </param>
            <param index="3">
              <value>
                <![CDATA[Partner]]>
              </value>
            </param>
          </params>
          <reporter-output>
          </reporter-output>
        </test-method> <!-- sampleTest -->
        <test-method signature="sampleTest(java.lang.String,java.lang.String,java.lang.String,java.lang.String)[pri:0, instance:practice.amazon.producttest.SampleTest@1d296da]" started-at="2025-08-10T12:42:36 IST" name="sampleTest" data-provider="setDataIntoDataProvider" finished-at="2025-08-10T12:42:36 IST" duration-ms="3" status="PASS">
          <params>
            <param index="0">
              <value>
                <![CDATA[TC_03]]>
              </value>
            </param>
            <param index="1">
              <value>
                <![CDATA[organization_name]]>
              </value>
            </param>
            <param index="2">
              <value>
                <![CDATA[phone]]>
              </value>
            </param>
            <param index="3">
              <value>
                <![CDATA[]]>
              </value>
            </param>
          </params>
          <reporter-output>
          </reporter-output>
        </test-method> <!-- sampleTest -->
        <test-method signature="sampleTest(java.lang.String,java.lang.String,java.lang.String,java.lang.String)[pri:0, instance:practice.amazon.producttest.SampleTest@1d296da]" started-at="2025-08-10T12:42:36 IST" name="sampleTest" data-provider="setDataIntoDataProvider" finished-at="2025-08-10T12:42:36 IST" duration-ms="7" status="PASS">
          <params>
            <param index="0">
              <value>
                <![CDATA[]]>
              </value>
            </param>
            <param index="1">
              <value>
                <![CDATA[Test03_]]>
              </value>
            </param>
            <param index="2">
              <value>
                <![CDATA[7756897467]]>
              </value>
            </param>
            <param index="3">
              <value>
                <![CDATA[]]>
              </value>
            </param>
          </params>
          <reporter-output>
          </reporter-output>
        </test-method> <!-- sampleTest -->
      </class> <!-- practice.amazon.producttest.SampleTest -->
    </test> <!-- Default test -->
  </suite> <!-- Default suite -->
</testng-results>
