<?xml version="1.0" encoding="UTF-8"?>
<!-- Generated by org.testng.reporters.JUnitXMLReporter -->
<testsuite ignored="4" hostname="LAPTOP-PE73JGE2" failures="0" tests="3" name="TestRunner-3" time="383.859" errors="0" timestamp="2025-07-28T16:39:26 IST">
  <testcase classname="com.vtiger.crm.orgtest.CreateOrganizationTest" name="createOrganizationTest" time="71.668"/>
  <testcase classname="com.vtiger.crm.orgtest.CreateOrganizationWithIndustryTypeTest" name="createOrganizationWithIndustryTypeTest" time="118.104"/>
  <testcase classname="com.vtiger.crm.orgtest.CreateOrganizationWithPhoneTest" name="createOrganizationWithPhoneTest" time="33.346"/>
  <testcase classname="com.vtiger.crm.basetest.BaseClass" name="@AfterSuite configAS" time="0.0">
    <ignored/>
  </testcase> <!-- @AfterSuite configAS -->
  <testcase classname="com.vtiger.crm.basetest.BaseClass" name="@BeforeSuite configBS" time="0.0">
    <ignored/>
  </testcase> <!-- @BeforeSuite configBS -->
  <testcase classname="com.vtiger.crm.basetest.BaseClass" name="@BeforeSuite configBS" time="0.0">
    <ignored/>
  </testcase> <!-- @BeforeSuite configBS -->
  <testcase classname="com.vtiger.crm.basetest.BaseClass" name="@AfterSuite configAS" time="0.0">
    <ignored/>
  </testcase> <!-- @AfterSuite configAS -->
</testsuite> <!-- TestRunner-3 -->
