<?xml version="1.0" encoding="UTF-8"?>
<!-- Generated by org.testng.reporters.JUnitXMLReporter -->
<testsuite ignored="2" hostname="LAPTOP-PE73JGE2" failures="1" tests="1" name="Test" time="42.331" errors="0" timestamp="2025-08-01T16:35:03 IST">
  <testcase classname="com.vtiger.crm.contactstest.CreateContactTest" name="createContactWithOrgTest" time="30.435">
    <failure type="java.lang.AssertionError" message="Test_ORG_1720 is not verified in contact information expected [Test_ORG_1720] but found [ Test_ORG_1720]">
      <![CDATA[java.lang.AssertionError: Test_ORG_1720 is not verified in contact information expected [Test_ORG_1720] but found [ Test_ORG_1720]
at com.vtiger.crm.contactstest.CreateContactTest.createContactWithOrgTest(CreateContactTest.java:99)
at java.base/java.util.ArrayList.forEach(ArrayList.java:1596)
... Removed 30 stack frames]]>
    </failure>
  </testcase> <!-- createContactWithOrgTest -->
  <testcase classname="com.vtiger.crm.contactstest.CreateContactTest" name="createContactWithSupportDateTest" time="0.0">
    <ignored/>
  </testcase> <!-- createContactWithSupportDateTest -->
  <testcase classname="com.vtiger.crm.contactstest.CreateContactTest" name="createContactTest" time="0.0">
    <ignored/>
  </testcase> <!-- createContactTest -->
</testsuite> <!-- Test -->
