<?xml version="1.0" encoding="UTF-8"?>
<!-- Generated by org.testng.reporters.JUnitXMLReporter -->
<testsuite ignored="0" hostname="LAPTOP-PE73JGE2" failures="0" tests="6" name="Default test" time="1.202" errors="0" timestamp="2025-08-10T12:42:36 IST">
  <testcase classname="practice.amazon.producttest.SampleTest" name="sampleTest" time="0.019"/>
  <testcase classname="practice.amazon.producttest.SampleTest" name="sampleTest" time="0.006"/>
  <testcase classname="practice.amazon.producttest.SampleTest" name="sampleTest" time="0.004"/>
  <testcase classname="practice.amazon.producttest.SampleTest" name="sampleTest" time="0.004"/>
  <testcase classname="practice.amazon.producttest.SampleTest" name="sampleTest" time="0.003"/>
  <testcase classname="practice.amazon.producttest.SampleTest" name="sampleTest" time="0.007"/>
</testsuite> <!-- Default test -->
